<?xml version="1.0" encoding="UTF-8"?>
<robot generator="Robot 3.2.2 (Python 3.10.4 on win32)" generated="20220519 21:16:05.319" rpa="false">
<suite id="s1" name="Demoqa" source="C:\Development\robot-scripts\Demoqa\Tests\Demoqa.robot">
<test id="s1-t1" name="Banner">
<kw name="Begin Web Test" library="Common" type="setup">
<kw name="Open Browser" library="SeleniumLibrary">
<doc>Opens a new browser instance to the optional ``url``.</doc>
<arguments>
<arg>about:blank</arg>
<arg>chrome</arg>
</arguments>
<msg timestamp="20220519 21:16:05.548" level="INFO">Opening browser 'chrome' to base url 'about:blank'.</msg>
<status status="PASS" starttime="20220519 21:16:05.547" endtime="20220519 21:16:06.974"></status>
</kw>
<kw name="Maximize Browser Window" library="SeleniumLibrary">
<doc>Maximizes current browser window.</doc>
<status status="PASS" starttime="20220519 21:16:06.974" endtime="20220519 21:16:07.087"></status>
</kw>
<status status="PASS" starttime="20220519 21:16:05.547" endtime="20220519 21:16:07.088"></status>
</kw>
<kw name="Open Main Page" library="Demoqa.App">
<kw name="Go To" library="SeleniumLibrary">
<doc>Navigates the current browser window to the provided ``url``.</doc>
<arguments>
<arg>https://demoqa.com/</arg>
</arguments>
<msg timestamp="20220519 21:16:07.089" level="INFO">Opening url 'https://demoqa.com/'</msg>
<status status="PASS" starttime="20220519 21:16:07.088" endtime="20220519 21:16:08.671"></status>
</kw>
<status status="PASS" starttime="20220519 21:16:07.088" endtime="20220519 21:16:08.672"></status>
</kw>
<kw name="Wait Until Page Is Loaded" library="Demoqa.App">
<kw name="Wait Until Element Is Visible" library="SeleniumLibrary">
<doc>Waits until the element ``locator`` is visible.</doc>
<arguments>
<arg>id=app</arg>
</arguments>
<status status="PASS" starttime="20220519 21:16:08.673" endtime="20220519 21:16:08.695"></status>
</kw>
<kw name="Wait Until Element Is Visible" library="SeleniumLibrary">
<doc>Waits until the element ``locator`` is visible.</doc>
<arguments>
<arg>xpath=//*[@id="app"]/header/a</arg>
</arguments>
<status status="PASS" starttime="20220519 21:16:08.695" endtime="20220519 21:16:08.717"></status>
</kw>
<status status="PASS" starttime="20220519 21:16:08.672" endtime="20220519 21:16:08.717"></status>
</kw>
<kw name="Check Banner" library="Demoqa.App">
<kw name="Page Should Contain Element" library="SeleniumLibrary">
<doc>Verifies that element ``locator`` is found on the current page.</doc>
<arguments>
<arg>${Banner}</arg>
</arguments>
<msg timestamp="20220519 21:16:08.725" level="INFO">Current page contains element 'xpath=//*[@id="app"]/header/a'.</msg>
<status status="PASS" starttime="20220519 21:16:08.718" endtime="20220519 21:16:08.725"></status>
</kw>
<status status="PASS" starttime="20220519 21:16:08.718" endtime="20220519 21:16:08.725"></status>
</kw>
<kw name="End Web Test" library="Common" type="teardown">
<kw name="Close Browser" library="SeleniumLibrary">
<doc>Closes the current browser.</doc>
<status status="PASS" starttime="20220519 21:16:08.726" endtime="20220519 21:16:10.867"></status>
</kw>
<status status="PASS" starttime="20220519 21:16:08.726" endtime="20220519 21:16:10.867"></status>
</kw>
<status status="PASS" starttime="20220519 21:16:05.547" endtime="20220519 21:16:10.867" critical="yes"></status>
</test>
<test id="s1-t2" name="Elements">
<kw name="Begin Web Test" library="Common" type="setup">
<kw name="Open Browser" library="SeleniumLibrary">
<doc>Opens a new browser instance to the optional ``url``.</doc>
<arguments>
<arg>about:blank</arg>
<arg>chrome</arg>
</arguments>
<msg timestamp="20220519 21:16:10.869" level="INFO">Opening browser 'chrome' to base url 'about:blank'.</msg>
<status status="PASS" starttime="20220519 21:16:10.869" endtime="20220519 21:16:12.399"></status>
</kw>
<kw name="Maximize Browser Window" library="SeleniumLibrary">
<doc>Maximizes current browser window.</doc>
<status status="PASS" starttime="20220519 21:16:12.399" endtime="20220519 21:16:12.515"></status>
</kw>
<status status="PASS" starttime="20220519 21:16:10.869" endtime="20220519 21:16:12.515"></status>
</kw>
<kw name="Open Main Page" library="Demoqa.App">
<kw name="Go To" library="SeleniumLibrary">
<doc>Navigates the current browser window to the provided ``url``.</doc>
<arguments>
<arg>https://demoqa.com/</arg>
</arguments>
<msg timestamp="20220519 21:16:12.516" level="INFO">Opening url 'https://demoqa.com/'</msg>
<status status="PASS" starttime="20220519 21:16:12.516" endtime="20220519 21:16:14.401"></status>
</kw>
<status status="PASS" starttime="20220519 21:16:12.516" endtime="20220519 21:16:14.401"></status>
</kw>
<kw name="Wait Until Page Is Loaded" library="Demoqa.App">
<kw name="Wait Until Element Is Visible" library="SeleniumLibrary">
<doc>Waits until the element ``locator`` is visible.</doc>
<arguments>
<arg>id=app</arg>
</arguments>
<status status="PASS" starttime="20220519 21:16:14.402" endtime="20220519 21:16:14.424"></status>
</kw>
<kw name="Wait Until Element Is Visible" library="SeleniumLibrary">
<doc>Waits until the element ``locator`` is visible.</doc>
<arguments>
<arg>xpath=//*[@id="app"]/header/a</arg>
</arguments>
<status status="PASS" starttime="20220519 21:16:14.425" endtime="20220519 21:16:14.454"></status>
</kw>
<status status="PASS" starttime="20220519 21:16:14.401" endtime="20220519 21:16:14.454"></status>
</kw>
<kw name="Check Elements" library="Demoqa.App">
<kw name="Page Should Contain Element" library="SeleniumLibrary">
<doc>Verifies that element ``locator`` is found on the current page.</doc>
<arguments>
<arg>${Elements}</arg>
</arguments>
<msg timestamp="20220519 21:16:14.466" level="INFO">Current page contains element 'xpath=//*[@id="app"]/div/div/div[2]/div/div[1]/div/div[2]'.</msg>
<status status="PASS" starttime="20220519 21:16:14.455" endtime="20220519 21:16:14.466"></status>
</kw>
<status status="PASS" starttime="20220519 21:16:14.455" endtime="20220519 21:16:14.466"></status>
</kw>
<kw name="End Web Test" library="Common" type="teardown">
<kw name="Close Browser" library="SeleniumLibrary">
<doc>Closes the current browser.</doc>
<status status="PASS" starttime="20220519 21:16:14.467" endtime="20220519 21:16:16.592"></status>
</kw>
<status status="PASS" starttime="20220519 21:16:14.466" endtime="20220519 21:16:16.593"></status>
</kw>
<status status="PASS" starttime="20220519 21:16:10.868" endtime="20220519 21:16:16.593" critical="yes"></status>
</test>
<test id="s1-t3" name="Forms">
<kw name="Begin Web Test" library="Common" type="setup">
<kw name="Open Browser" library="SeleniumLibrary">
<doc>Opens a new browser instance to the optional ``url``.</doc>
<arguments>
<arg>about:blank</arg>
<arg>chrome</arg>
</arguments>
<msg timestamp="20220519 21:16:16.595" level="INFO">Opening browser 'chrome' to base url 'about:blank'.</msg>
<status status="PASS" starttime="20220519 21:16:16.595" endtime="20220519 21:16:18.098"></status>
</kw>
<kw name="Maximize Browser Window" library="SeleniumLibrary">
<doc>Maximizes current browser window.</doc>
<status status="PASS" starttime="20220519 21:16:18.098" endtime="20220519 21:16:18.221"></status>
</kw>
<status status="PASS" starttime="20220519 21:16:16.595" endtime="20220519 21:16:18.221"></status>
</kw>
<kw name="Open Main Page" library="Demoqa.App">
<kw name="Go To" library="SeleniumLibrary">
<doc>Navigates the current browser window to the provided ``url``.</doc>
<arguments>
<arg>https://demoqa.com/</arg>
</arguments>
<msg timestamp="20220519 21:16:18.222" level="INFO">Opening url 'https://demoqa.com/'</msg>
<status status="PASS" starttime="20220519 21:16:18.222" endtime="20220519 21:16:20.063"></status>
</kw>
<status status="PASS" starttime="20220519 21:16:18.221" endtime="20220519 21:16:20.063"></status>
</kw>
<kw name="Wait Until Page Is Loaded" library="Demoqa.App">
<kw name="Wait Until Element Is Visible" library="SeleniumLibrary">
<doc>Waits until the element ``locator`` is visible.</doc>
<arguments>
<arg>id=app</arg>
</arguments>
<status status="PASS" starttime="20220519 21:16:20.064" endtime="20220519 21:16:20.089"></status>
</kw>
<kw name="Wait Until Element Is Visible" library="SeleniumLibrary">
<doc>Waits until the element ``locator`` is visible.</doc>
<arguments>
<arg>xpath=//*[@id="app"]/header/a</arg>
</arguments>
<status status="PASS" starttime="20220519 21:16:20.090" endtime="20220519 21:16:20.110"></status>
</kw>
<status status="PASS" starttime="20220519 21:16:20.064" endtime="20220519 21:16:20.110"></status>
</kw>
<kw name="Check Forms" library="Demoqa.App">
<kw name="Page Should Contain Element" library="SeleniumLibrary">
<doc>Verifies that element ``locator`` is found on the current page.</doc>
<arguments>
<arg>${Forms}</arg>
</arguments>
<msg timestamp="20220519 21:16:20.120" level="INFO">Current page contains element 'xpath=//*[@id="app"]/div/div/div[2]/div/div[2]/div/div[2]'.</msg>
<status status="PASS" starttime="20220519 21:16:20.111" endtime="20220519 21:16:20.120"></status>
</kw>
<status status="PASS" starttime="20220519 21:16:20.110" endtime="20220519 21:16:20.120"></status>
</kw>
<kw name="End Web Test" library="Common" type="teardown">
<kw name="Close Browser" library="SeleniumLibrary">
<doc>Closes the current browser.</doc>
<status status="PASS" starttime="20220519 21:16:20.121" endtime="20220519 21:16:22.242"></status>
</kw>
<status status="PASS" starttime="20220519 21:16:20.121" endtime="20220519 21:16:22.242"></status>
</kw>
<status status="PASS" starttime="20220519 21:16:16.595" endtime="20220519 21:16:22.242" critical="yes"></status>
</test>
<test id="s1-t4" name="Alerts">
<kw name="Begin Web Test" library="Common" type="setup">
<kw name="Open Browser" library="SeleniumLibrary">
<doc>Opens a new browser instance to the optional ``url``.</doc>
<arguments>
<arg>about:blank</arg>
<arg>chrome</arg>
</arguments>
<msg timestamp="20220519 21:16:22.245" level="INFO">Opening browser 'chrome' to base url 'about:blank'.</msg>
<status status="PASS" starttime="20220519 21:16:22.245" endtime="20220519 21:16:23.691"></status>
</kw>
<kw name="Maximize Browser Window" library="SeleniumLibrary">
<doc>Maximizes current browser window.</doc>
<status status="PASS" starttime="20220519 21:16:23.691" endtime="20220519 21:16:23.817"></status>
</kw>
<status status="PASS" starttime="20220519 21:16:22.244" endtime="20220519 21:16:23.817"></status>
</kw>
<kw name="Open Main Page" library="Demoqa.App">
<kw name="Go To" library="SeleniumLibrary">
<doc>Navigates the current browser window to the provided ``url``.</doc>
<arguments>
<arg>https://demoqa.com/</arg>
</arguments>
<msg timestamp="20220519 21:16:23.818" level="INFO">Opening url 'https://demoqa.com/'</msg>
<status status="PASS" starttime="20220519 21:16:23.818" endtime="20220519 21:16:25.534"></status>
</kw>
<status status="PASS" starttime="20220519 21:16:23.818" endtime="20220519 21:16:25.534"></status>
</kw>
<kw name="Wait Until Page Is Loaded" library="Demoqa.App">
<kw name="Wait Until Element Is Visible" library="SeleniumLibrary">
<doc>Waits until the element ``locator`` is visible.</doc>
<arguments>
<arg>id=app</arg>
</arguments>
<status status="PASS" starttime="20220519 21:16:25.535" endtime="20220519 21:16:25.562"></status>
</kw>
<kw name="Wait Until Element Is Visible" library="SeleniumLibrary">
<doc>Waits until the element ``locator`` is visible.</doc>
<arguments>
<arg>xpath=//*[@id="app"]/header/a</arg>
</arguments>
<status status="PASS" starttime="20220519 21:16:25.562" endtime="20220519 21:16:25.587"></status>
</kw>
<status status="PASS" starttime="20220519 21:16:25.534" endtime="20220519 21:16:25.587"></status>
</kw>
<kw name="Check Alerts" library="Demoqa.App">
<kw name="Page Should Contain Element" library="SeleniumLibrary">
<doc>Verifies that element ``locator`` is found on the current page.</doc>
<arguments>
<arg>${Alerts}</arg>
</arguments>
<msg timestamp="20220519 21:16:25.598" level="INFO">Current page contains element 'xpath=//*[@id="app"]/div/div/div[2]/div/div[3]/div/div[2]'.</msg>
<status status="PASS" starttime="20220519 21:16:25.588" endtime="20220519 21:16:25.598"></status>
</kw>
<status status="PASS" starttime="20220519 21:16:25.588" endtime="20220519 21:16:25.598"></status>
</kw>
<kw name="End Web Test" library="Common" type="teardown">
<kw name="Close Browser" library="SeleniumLibrary">
<doc>Closes the current browser.</doc>
<status status="PASS" starttime="20220519 21:16:25.599" endtime="20220519 21:16:27.713"></status>
</kw>
<status status="PASS" starttime="20220519 21:16:25.598" endtime="20220519 21:16:27.713"></status>
</kw>
<status status="PASS" starttime="20220519 21:16:22.244" endtime="20220519 21:16:27.714" critical="yes"></status>
</test>
<test id="s1-t5" name="Widgets">
<kw name="Begin Web Test" library="Common" type="setup">
<kw name="Open Browser" library="SeleniumLibrary">
<doc>Opens a new browser instance to the optional ``url``.</doc>
<arguments>
<arg>about:blank</arg>
<arg>chrome</arg>
</arguments>
<msg timestamp="20220519 21:16:27.716" level="INFO">Opening browser 'chrome' to base url 'about:blank'.</msg>
<status status="PASS" starttime="20220519 21:16:27.716" endtime="20220519 21:16:29.081"></status>
</kw>
<kw name="Maximize Browser Window" library="SeleniumLibrary">
<doc>Maximizes current browser window.</doc>
<status status="PASS" starttime="20220519 21:16:29.082" endtime="20220519 21:16:29.202"></status>
</kw>
<status status="PASS" starttime="20220519 21:16:27.716" endtime="20220519 21:16:29.202"></status>
</kw>
<kw name="Open Main Page" library="Demoqa.App">
<kw name="Go To" library="SeleniumLibrary">
<doc>Navigates the current browser window to the provided ``url``.</doc>
<arguments>
<arg>https://demoqa.com/</arg>
</arguments>
<msg timestamp="20220519 21:16:29.202" level="INFO">Opening url 'https://demoqa.com/'</msg>
<status status="PASS" starttime="20220519 21:16:29.202" endtime="20220519 21:16:31.236"></status>
</kw>
<status status="PASS" starttime="20220519 21:16:29.202" endtime="20220519 21:16:31.236"></status>
</kw>
<kw name="Wait Until Page Is Loaded" library="Demoqa.App">
<kw name="Wait Until Element Is Visible" library="SeleniumLibrary">
<doc>Waits until the element ``locator`` is visible.</doc>
<arguments>
<arg>id=app</arg>
</arguments>
<status status="PASS" starttime="20220519 21:16:31.236" endtime="20220519 21:16:31.261"></status>
</kw>
<kw name="Wait Until Element Is Visible" library="SeleniumLibrary">
<doc>Waits until the element ``locator`` is visible.</doc>
<arguments>
<arg>xpath=//*[@id="app"]/header/a</arg>
</arguments>
<status status="PASS" starttime="20220519 21:16:31.261" endtime="20220519 21:16:31.285"></status>
</kw>
<status status="PASS" starttime="20220519 21:16:31.236" endtime="20220519 21:16:31.285"></status>
</kw>
<kw name="Check Widgets" library="Demoqa.App">
<kw name="Page Should Contain Element" library="SeleniumLibrary">
<doc>Verifies that element ``locator`` is found on the current page.</doc>
<arguments>
<arg>${Widgets}</arg>
</arguments>
<msg timestamp="20220519 21:16:31.297" level="INFO">Current page contains element 'xpath=//*[@id="app"]/div/div/div[2]/div/div[4]/div/div[2]'.</msg>
<status status="PASS" starttime="20220519 21:16:31.285" endtime="20220519 21:16:31.297"></status>
</kw>
<status status="PASS" starttime="20220519 21:16:31.285" endtime="20220519 21:16:31.297"></status>
</kw>
<kw name="End Web Test" library="Common" type="teardown">
<kw name="Close Browser" library="SeleniumLibrary">
<doc>Closes the current browser.</doc>
<status status="PASS" starttime="20220519 21:16:31.298" endtime="20220519 21:16:33.435"></status>
</kw>
<status status="PASS" starttime="20220519 21:16:31.298" endtime="20220519 21:16:33.435"></status>
</kw>
<status status="PASS" starttime="20220519 21:16:27.715" endtime="20220519 21:16:33.435" critical="yes"></status>
</test>
<test id="s1-t6" name="Interactions">
<kw name="Begin Web Test" library="Common" type="setup">
<kw name="Open Browser" library="SeleniumLibrary">
<doc>Opens a new browser instance to the optional ``url``.</doc>
<arguments>
<arg>about:blank</arg>
<arg>chrome</arg>
</arguments>
<msg timestamp="20220519 21:16:33.438" level="INFO">Opening browser 'chrome' to base url 'about:blank'.</msg>
<status status="PASS" starttime="20220519 21:16:33.437" endtime="20220519 21:16:35.051"></status>
</kw>
<kw name="Maximize Browser Window" library="SeleniumLibrary">
<doc>Maximizes current browser window.</doc>
<status status="PASS" starttime="20220519 21:16:35.051" endtime="20220519 21:16:35.208"></status>
</kw>
<status status="PASS" starttime="20220519 21:16:33.437" endtime="20220519 21:16:35.208"></status>
</kw>
<kw name="Open Main Page" library="Demoqa.App">
<kw name="Go To" library="SeleniumLibrary">
<doc>Navigates the current browser window to the provided ``url``.</doc>
<arguments>
<arg>https://demoqa.com/</arg>
</arguments>
<msg timestamp="20220519 21:16:35.209" level="INFO">Opening url 'https://demoqa.com/'</msg>
<status status="PASS" starttime="20220519 21:16:35.209" endtime="20220519 21:16:36.745"></status>
</kw>
<status status="PASS" starttime="20220519 21:16:35.209" endtime="20220519 21:16:36.746"></status>
</kw>
<kw name="Wait Until Page Is Loaded" library="Demoqa.App">
<kw name="Wait Until Element Is Visible" library="SeleniumLibrary">
<doc>Waits until the element ``locator`` is visible.</doc>
<arguments>
<arg>id=app</arg>
</arguments>
<status status="PASS" starttime="20220519 21:16:36.746" endtime="20220519 21:16:36.780"></status>
</kw>
<kw name="Wait Until Element Is Visible" library="SeleniumLibrary">
<doc>Waits until the element ``locator`` is visible.</doc>
<arguments>
<arg>xpath=//*[@id="app"]/header/a</arg>
</arguments>
<status status="PASS" starttime="20220519 21:16:36.780" endtime="20220519 21:16:36.802"></status>
</kw>
<status status="PASS" starttime="20220519 21:16:36.746" endtime="20220519 21:16:36.802"></status>
</kw>
<kw name="Check Interactions" library="Demoqa.App">
<kw name="Page Should Contain Element" library="SeleniumLibrary">
<doc>Verifies that element ``locator`` is found on the current page.</doc>
<arguments>
<arg>${Interactions}</arg>
</arguments>
<msg timestamp="20220519 21:16:36.836" level="INFO">Current page contains element 'xpath=//*[@id="app"]/div/div/div[2]/div/div[5]/div/div[2]'.</msg>
<status status="PASS" starttime="20220519 21:16:36.803" endtime="20220519 21:16:36.837"></status>
</kw>
<status status="PASS" starttime="20220519 21:16:36.803" endtime="20220519 21:16:36.837"></status>
</kw>
<kw name="End Web Test" library="Common" type="teardown">
<kw name="Close Browser" library="SeleniumLibrary">
<doc>Closes the current browser.</doc>
<status status="PASS" starttime="20220519 21:16:36.838" endtime="20220519 21:16:38.986"></status>
</kw>
<status status="PASS" starttime="20220519 21:16:36.837" endtime="20220519 21:16:38.987"></status>
</kw>
<status status="PASS" starttime="20220519 21:16:33.437" endtime="20220519 21:16:38.987" critical="yes"></status>
</test>
<test id="s1-t7" name="Book Store">
<kw name="Begin Web Test" library="Common" type="setup">
<kw name="Open Browser" library="SeleniumLibrary">
<doc>Opens a new browser instance to the optional ``url``.</doc>
<arguments>
<arg>about:blank</arg>
<arg>chrome</arg>
</arguments>
<msg timestamp="20220519 21:16:38.990" level="INFO">Opening browser 'chrome' to base url 'about:blank'.</msg>
<status status="PASS" starttime="20220519 21:16:38.989" endtime="20220519 21:16:40.452"></status>
</kw>
<kw name="Maximize Browser Window" library="SeleniumLibrary">
<doc>Maximizes current browser window.</doc>
<status status="PASS" starttime="20220519 21:16:40.452" endtime="20220519 21:16:40.577"></status>
</kw>
<status status="PASS" starttime="20220519 21:16:38.989" endtime="20220519 21:16:40.577"></status>
</kw>
<kw name="Open Main Page" library="Demoqa.App">
<kw name="Go To" library="SeleniumLibrary">
<doc>Navigates the current browser window to the provided ``url``.</doc>
<arguments>
<arg>https://demoqa.com/</arg>
</arguments>
<msg timestamp="20220519 21:16:40.578" level="INFO">Opening url 'https://demoqa.com/'</msg>
<status status="PASS" starttime="20220519 21:16:40.578" endtime="20220519 21:16:42.224"></status>
</kw>
<status status="PASS" starttime="20220519 21:16:40.578" endtime="20220519 21:16:42.224"></status>
</kw>
<kw name="Wait Until Page Is Loaded" library="Demoqa.App">
<kw name="Wait Until Element Is Visible" library="SeleniumLibrary">
<doc>Waits until the element ``locator`` is visible.</doc>
<arguments>
<arg>id=app</arg>
</arguments>
<status status="PASS" starttime="20220519 21:16:42.225" endtime="20220519 21:16:42.248"></status>
</kw>
<kw name="Wait Until Element Is Visible" library="SeleniumLibrary">
<doc>Waits until the element ``locator`` is visible.</doc>
<arguments>
<arg>xpath=//*[@id="app"]/header/a</arg>
</arguments>
<status status="PASS" starttime="20220519 21:16:42.248" endtime="20220519 21:16:42.270"></status>
</kw>
<status status="PASS" starttime="20220519 21:16:42.225" endtime="20220519 21:16:42.270"></status>
</kw>
<kw name="Check Book Store" library="Demoqa.App">
<kw name="Page Should Contain Element" library="SeleniumLibrary">
<doc>Verifies that element ``locator`` is found on the current page.</doc>
<arguments>
<arg>${BookStore}</arg>
</arguments>
<msg timestamp="20220519 21:16:42.282" level="INFO">Current page contains element 'xpath=//*[@id="app"]/div/div/div[2]/div/div[6]/div/div[2]'.</msg>
<status status="PASS" starttime="20220519 21:16:42.271" endtime="20220519 21:16:42.282"></status>
</kw>
<status status="PASS" starttime="20220519 21:16:42.271" endtime="20220519 21:16:42.282"></status>
</kw>
<kw name="End Web Test" library="Common" type="teardown">
<kw name="Close Browser" library="SeleniumLibrary">
<doc>Closes the current browser.</doc>
<status status="PASS" starttime="20220519 21:16:42.283" endtime="20220519 21:16:44.400"></status>
</kw>
<status status="PASS" starttime="20220519 21:16:42.282" endtime="20220519 21:16:44.401"></status>
</kw>
<status status="PASS" starttime="20220519 21:16:38.989" endtime="20220519 21:16:44.401" critical="yes"></status>
</test>
<doc>Demoqa webpage test</doc>
<status status="PASS" starttime="20220519 21:16:05.321" endtime="20220519 21:16:44.403"></status>
</suite>
<statistics>
<total>
<stat pass="7" fail="0">Critical Tests</stat>
<stat pass="7" fail="0">All Tests</stat>
</total>
<tag>
</tag>
<suite>
<stat pass="7" fail="0" id="s1" name="Demoqa">Demoqa</stat>
</suite>
</statistics>
<errors>
</errors>
</robot>
